<?xml version="1.0" encoding="UTF-8"?>
<!-- Generated by org.testng.reporters.JUnitXMLReporter -->
<testsuite ignored="0" hostname="DESKTOP-1A5LGLI" failures="0" tests="2" name="Test" time="16.747" errors="0" timestamp="2023-06-13T13:49:50 IST">
  <testcase classname="com.Opencart.testLayer.LoginTest" name="ValidateLoggingIntoApplicationUsingInValidCredentials" time="1.78"/>
  <testcase classname="com.Opencart.testLayer.LoginTest" name="ValidateLoggingIntoApplicationUsingValidCredentials" time="3.574"/>
</testsuite> <!-- Test -->
