<?xml version="1.0" encoding="UTF-8"?>
<testng-results ignored="0" total="2" passed="2" failed="0" skipped="0">
  <reporter-output>
  </reporter-output>
  <suite started-at="2023-06-13T13:49:33 IST" name="Suite" finished-at="2023-06-13T13:49:50 IST" duration-ms="16747">
    <groups>
    </groups>
    <test started-at="2023-06-13T13:49:33 IST" name="Test" finished-at="2023-06-13T13:49:50 IST" duration-ms="16747">
      <class name="com.Opencart.testLayer.LoginTest">
        <test-method is-config="true" signature="SetUp()[pri:0, instance:com.Opencart.testLayer.LoginTest@192d43ce]" started-at="2023-06-13T13:49:33 IST" name="SetUp" finished-at="2023-06-13T13:49:39 IST" duration-ms="6373" status="PASS">
          <reporter-output>
          </reporter-output>
        </test-method> <!-- SetUp -->
        <test-method signature="ValidateLoggingIntoApplicationUsingInValidCredentials()[pri:0, instance:com.Opencart.testLayer.LoginTest@192d43ce]" started-at="2023-06-13T13:49:39 IST" name="ValidateLoggingIntoApplicationUsingInValidCredentials" finished-at="2023-06-13T13:49:41 IST" duration-ms="1780" status="PASS">
          <reporter-output>
          </reporter-output>
        </test-method> <!-- ValidateLoggingIntoApplicationUsingInValidCredentials -->
        <test-method is-config="true" signature="tearDown()[pri:0, instance:com.Opencart.testLayer.LoginTest@192d43ce]" started-at="2023-06-13T13:49:41 IST" name="tearDown" finished-at="2023-06-13T13:49:41 IST" duration-ms="2" status="PASS">
          <reporter-output>
          </reporter-output>
        </test-method> <!-- tearDown -->
        <test-method is-config="true" signature="SetUp()[pri:0, instance:com.Opencart.testLayer.LoginTest@192d43ce]" started-at="2023-06-13T13:49:41 IST" name="SetUp" finished-at="2023-06-13T13:49:46 IST" duration-ms="4950" status="PASS">
          <reporter-output>
          </reporter-output>
        </test-method> <!-- SetUp -->
        <test-method signature="ValidateLoggingIntoApplicationUsingValidCredentials()[pri:0, instance:com.Opencart.testLayer.LoginTest@192d43ce]" started-at="2023-06-13T13:49:46 IST" name="ValidateLoggingIntoApplicationUsingValidCredentials" finished-at="2023-06-13T13:49:50 IST" duration-ms="3574" status="PASS">
          <reporter-output>
          </reporter-output>
        </test-method> <!-- ValidateLoggingIntoApplicationUsingValidCredentials -->
        <test-method is-config="true" signature="tearDown()[pri:0, instance:com.Opencart.testLayer.LoginTest@192d43ce]" started-at="2023-06-13T13:49:50 IST" name="tearDown" finished-at="2023-06-13T13:49:50 IST" duration-ms="1" status="PASS">
          <reporter-output>
          </reporter-output>
        </test-method> <!-- tearDown -->
      </class> <!-- com.Opencart.testLayer.LoginTest -->
    </test> <!-- Test -->
  </suite> <!-- Suite -->
</testng-results>
